<?xml version="1.0" encoding="UTF-8"?>
<!-- Generated by org.testng.reporters.JUnitReportReporter -->
<testsuite hostname="user10" failures="0" tests="2" name="ParallTestmethod" time="19.724" errors="1" timestamp="2024-09-01T20:41:22 EDT" skipped="0">
  <testcase classname="ParallTestmethod" name="testCheapestFlight" time="16.005"/>
  <testcase classname="ParallTestmethod" name="testLongestFlight" time="3.719">
    <error message="element click intercepted: Element &lt;a id=&quot;flights&quot; tabindex=&quot;0&quot; href=&quot;https://ch.booking.com/c?st=RkxJR0hU&amp;amp;rid=11ebf5d0-68c4-11ef-b30f-c9ca71678ed9&amp;amp;lt=TEFORElOR19QQUdF&amp;amp;target=aHR0cHM6Ly93d3cuYm9va2luZy5jb20vZmxpZ2h0cy9pbmRleC5lbi1nYi5odG1sP2FkcGxhdD13d3ctaW5kZXgtd2ViX3NoZWxsX2hlYWRlci1mbGlnaHQtbWlzc2luZ19jcmVhdGl2ZS03cWd5dHpwUHFEaEN2enlXYWZTMEdpJmFpZD0zMDQxNDImY2xpZW50X25hbWU9Yi13ZWItc2hlbGwtYmZmJmV0U3RhdGVCbG9iPUFDSXpacXBpRG80Z0RGZGcxdG53YUZRZ0JHaEVBWnRVSm54b3FiNEoyMlNTRjBxV3ptU29JQUlKc0FBQU1nV3c%3D&quot; class=&quot;dba1b3bddf c16ee020c5 c5d9e45939&quot;&gt;...&lt;/a&gt; is not clickable at point (546, 90). Other element would receive the click: &lt;div class=&quot;ab5581ebb7&quot;&gt;...&lt;/div&gt;
  (Session info: chrome=128.0.6613.113)
Build info: version: &#039;4.24.0&#039;, revision: &#039;748ffc9bc3&#039;
System info: os.name: &#039;Windows 11&#039;, os.arch: &#039;amd64&#039;, os.version: &#039;10.0&#039;, java.version: &#039;17.0.8.1&#039;
Driver info: org.openqa.selenium.chrome.ChromeDriver
Command: [32f5d7c9ba769aa7ae9979822d7be284, clickElement {id=f.0A6F8DEDAF15193A5A36C977A437130A.d.788F141C0C971DE288FE369C8A34DC3A.e.385}]
Capabilities {acceptInsecureCerts: false, browserName: chrome, browserVersion: 128.0.6613.113, chrome: {chromedriverVersion: 128.0.6613.86 (3045ed680fda..., userDataDir: C:\Users\provi\AppData\Loca...}, fedcm:accounts: true, goog:chromeOptions: {debuggerAddress: localhost:64358}, networkConnectionEnabled: false, pageLoadStrategy: normal, platformName: windows, proxy: Proxy(), se:cdp: ws://localhost:64358/devtoo..., se:cdpVersion: 128.0.6613.113, setWindowRect: true, strictFileInteractability: false, timeouts: {implicit: 0, pageLoad: 300000, script: 30000}, unhandledPromptBehavior: dismiss and notify, webauthn:extension:credBlob: true, webauthn:extension:largeBlob: true, webauthn:extension:minPinLength: true, webauthn:extension:prf: true, webauthn:virtualAuthenticators: true}
Element: [[ChromeDriver: chrome on windows (32f5d7c9ba769aa7ae9979822d7be284)] -&gt; id: flights]
Session ID: 32f5d7c9ba769aa7ae9979822d7be284" type="org.openqa.selenium.ElementClickInterceptedException">
      <![CDATA[org.openqa.selenium.ElementClickInterceptedException: element click intercepted: Element <a id="flights" tabindex="0" href="https://ch.booking.com/c?st=RkxJR0hU&amp;rid=11ebf5d0-68c4-11ef-b30f-c9ca71678ed9&amp;lt=TEFORElOR19QQUdF&amp;target=aHR0cHM6Ly93d3cuYm9va2luZy5jb20vZmxpZ2h0cy9pbmRleC5lbi1nYi5odG1sP2FkcGxhdD13d3ctaW5kZXgtd2ViX3NoZWxsX2hlYWRlci1mbGlnaHQtbWlzc2luZ19jcmVhdGl2ZS03cWd5dHpwUHFEaEN2enlXYWZTMEdpJmFpZD0zMDQxNDImY2xpZW50X25hbWU9Yi13ZWItc2hlbGwtYmZmJmV0U3RhdGVCbG9iPUFDSXpacXBpRG80Z0RGZGcxdG53YUZRZ0JHaEVBWnRVSm54b3FiNEoyMlNTRjBxV3ptU29JQUlKc0FBQU1nV3c%3D" class="dba1b3bddf c16ee020c5 c5d9e45939">...</a> is not clickable at point (546, 90). Other element would receive the click: <div class="ab5581ebb7">...</div>
  (Session info: chrome=128.0.6613.113)
Build info: version: '4.24.0', revision: '748ffc9bc3'
System info: os.name: 'Windows 11', os.arch: 'amd64', os.version: '10.0', java.version: '17.0.8.1'
Driver info: org.openqa.selenium.chrome.ChromeDriver
Command: [32f5d7c9ba769aa7ae9979822d7be284, clickElement {id=f.0A6F8DEDAF15193A5A36C977A437130A.d.788F141C0C971DE288FE369C8A34DC3A.e.385}]
Capabilities {acceptInsecureCerts: false, browserName: chrome, browserVersion: 128.0.6613.113, chrome: {chromedriverVersion: 128.0.6613.86 (3045ed680fda..., userDataDir: C:\Users\provi\AppData\Loca...}, fedcm:accounts: true, goog:chromeOptions: {debuggerAddress: localhost:64358}, networkConnectionEnabled: false, pageLoadStrategy: normal, platformName: windows, proxy: Proxy(), se:cdp: ws://localhost:64358/devtoo..., se:cdpVersion: 128.0.6613.113, setWindowRect: true, strictFileInteractability: false, timeouts: {implicit: 0, pageLoad: 300000, script: 30000}, unhandledPromptBehavior: dismiss and notify, webauthn:extension:credBlob: true, webauthn:extension:largeBlob: true, webauthn:extension:minPinLength: true, webauthn:extension:prf: true, webauthn:virtualAuthenticators: true}
Element: [[ChromeDriver: chrome on windows (32f5d7c9ba769aa7ae9979822d7be284)] -> id: flights]
Session ID: 32f5d7c9ba769aa7ae9979822d7be284
at java.base/jdk.internal.reflect.NativeConstructorAccessorImpl.newInstance0(Native Method)
at java.base/jdk.internal.reflect.NativeConstructorAccessorImpl.newInstance(NativeConstructorAccessorImpl.java:77)
at java.base/jdk.internal.reflect.DelegatingConstructorAccessorImpl.newInstance(DelegatingConstructorAccessorImpl.java:45)
at java.base/java.lang.reflect.Constructor.newInstanceWithCaller(Constructor.java:499)
at java.base/java.lang.reflect.Constructor.newInstance(Constructor.java:480)
at org.openqa.selenium.remote.ErrorCodec.decode(ErrorCodec.java:167)
at org.openqa.selenium.remote.codec.w3c.W3CHttpResponseCodec.decode(W3CHttpResponseCodec.java:138)
at org.openqa.selenium.remote.codec.w3c.W3CHttpResponseCodec.decode(W3CHttpResponseCodec.java:50)
at org.openqa.selenium.remote.HttpCommandExecutor.execute(HttpCommandExecutor.java:190)
at org.openqa.selenium.remote.service.DriverCommandExecutor.invokeExecute(DriverCommandExecutor.java:216)
at org.openqa.selenium.remote.service.DriverCommandExecutor.execute(DriverCommandExecutor.java:174)
at org.openqa.selenium.remote.RemoteWebDriver.execute(RemoteWebDriver.java:545)
at org.openqa.selenium.remote.RemoteWebElement.execute(RemoteWebElement.java:223)
at org.openqa.selenium.remote.RemoteWebElement.click(RemoteWebElement.java:76)
at ParallTestmethod.testLongestFlight(ParallTestmethod.java:109)
at java.base/jdk.internal.reflect.NativeMethodAccessorImpl.invoke0(Native Method)
at java.base/jdk.internal.reflect.NativeMethodAccessorImpl.invoke(NativeMethodAccessorImpl.java:77)
at java.base/jdk.internal.reflect.DelegatingMethodAccessorImpl.invoke(DelegatingMethodAccessorImpl.java:43)
at java.base/java.lang.reflect.Method.invoke(Method.java:568)
at org.testng.internal.invokers.MethodInvocationHelper.invokeMethod(MethodInvocationHelper.java:139)
at org.testng.internal.invokers.TestInvoker.invokeMethod(TestInvoker.java:664)
at org.testng.internal.invokers.TestInvoker.invokeTestMethod(TestInvoker.java:227)
at org.testng.internal.invokers.MethodRunner.runInSequence(MethodRunner.java:50)
at org.testng.internal.invokers.TestInvoker$MethodInvocationAgent.invoke(TestInvoker.java:957)
at org.testng.internal.invokers.TestInvoker.invokeTestMethods(TestInvoker.java:200)
at org.testng.internal.invokers.TestMethodWorker.invokeTestMethods(TestMethodWorker.java:148)
at org.testng.internal.invokers.TestMethodWorker.run(TestMethodWorker.java:128)
at java.base/java.util.ArrayList.forEach(ArrayList.java:1511)
at org.testng.TestRunner.privateRun(TestRunner.java:848)
at org.testng.TestRunner.run(TestRunner.java:621)
at org.testng.SuiteRunner.runTest(SuiteRunner.java:443)
at org.testng.SuiteRunner.runSequentially(SuiteRunner.java:437)
at org.testng.SuiteRunner.privateRun(SuiteRunner.java:397)
at org.testng.SuiteRunner.run(SuiteRunner.java:336)
at org.testng.SuiteRunnerWorker.runSuite(SuiteRunnerWorker.java:52)
at org.testng.SuiteRunnerWorker.run(SuiteRunnerWorker.java:95)
at org.testng.TestNG.runSuitesSequentially(TestNG.java:1280)
at org.testng.TestNG.runSuitesLocally(TestNG.java:1200)
at org.testng.TestNG.runSuites(TestNG.java:1114)
at org.testng.TestNG.run(TestNG.java:1082)
at org.testng.remote.AbstractRemoteTestNG.run(AbstractRemoteTestNG.java:115)
at org.testng.remote.RemoteTestNG.initAndRun(RemoteTestNG.java:251)
at org.testng.remote.RemoteTestNG.main(RemoteTestNG.java:77)
]]>
    </error>
  </testcase> <!-- testLongestFlight -->
</testsuite> <!-- ParallTestmethod -->
